<?xml version="1.0" encoding="UTF-8"?>
<!-- Generated by org.testng.reporters.JUnitReportReporter -->
<testsuite skipped="0" hostname="Naveens-MacBook-Pro.local" name="com.statestreet.tests.TestRunnerTestNG" tests="3" failures="0" timestamp="19 Mar 2020 14:17:25 GMT" time="0.094" errors="0">
  <testcase name="feature" time="0.008" classname="com.statestreet.tests.TestRunnerTestNG"/>
  <testcase name="feature" time="0.005" classname="com.statestreet.tests.TestRunnerTestNG"/>
  <testcase name="feature" time="0.081" classname="com.statestreet.tests.TestRunnerTestNG"/>
</testsuite> <!-- com.statestreet.tests.TestRunnerTestNG -->
