<?xml version="1.0" encoding="UTF-8"?>
<!-- Generated by org.testng.reporters.JUnitReportReporter -->
<testsuite skipped="0" hostname="Naveens-MacBook-Pro.local" name="com.statestreet.tests.TestRunnerNG" tests="1" failures="0" timestamp="20 Mar 2020 04:54:38 GMT" time="0.116" errors="0">
  <testcase name="feature" time="0.116" classname="com.statestreet.tests.TestRunnerNG"/>
</testsuite> <!-- com.statestreet.tests.TestRunnerNG -->
