<?xml version="1.0" encoding="UTF-8"?>
<!-- Generated by org.testng.reporters.JUnitReportReporter -->
<testsuite skipped="0" hostname="Naveens-MacBook-Pro.local" name="com.statestreet.day1.tests.TestNGTest" tests="3" failures="0" timestamp="2020-02-29T22:38:24 IST" time="0.013" errors="0">
  <testcase name="f" time="0.011" classname="com.statestreet.day1.tests.TestNGTest"/>
  <testcase name="f1" time="0.001" classname="com.statestreet.day1.tests.TestNGTest"/>
  <testcase name="f2" time="0.001" classname="com.statestreet.day1.tests.TestNGTest"/>
</testsuite> <!-- com.statestreet.day1.tests.TestNGTest -->
