<?xml version="1.0" encoding="UTF-8"?>
<!-- Generated by org.testng.reporters.JUnitReportReporter -->
<testsuite skipped="0" hostname="Naveens-MBP-e50e" name="com.statestreet.day2.NewTest" tests="3" failures="0" timestamp="2020-03-01T16:44:39 IST" time="0.011" errors="0">
  <testcase name="f" time="0.009" classname="com.statestreet.day2.NewTest"/>
  <testcase name="f1" time="0.001" classname="com.statestreet.day2.NewTest"/>
  <testcase name="f2" time="0.001" classname="com.statestreet.day2.NewTest"/>
</testsuite> <!-- com.statestreet.day2.NewTest -->
